<?xml version="1.0" encoding="UTF-8"?>
<!-- Generated by org.testng.reporters.JUnitXMLReporter -->
<testsuite ignored="2" hostname="Lenovo-dhanush2" failures="1" tests="4" name="Test" time="77.052" errors="0" timestamp="2024-09-18T22:08:39 IST">
  <testcase classname="com.ui.tests.Login" name="login" time="7.778"/>
  <testcase classname="com.ui.tests.Login" name="login2" time="8.682">
    <failure type="java.lang.AssertionError" message="expected [true] but found [false]">
      <![CDATA[java.lang.AssertionError: expected [true] but found [false]
at com.ui.tests.Login.login2(Login.java:46)
at java.base/java.util.ArrayList.forEach(ArrayList.java:1596)
... Removed 29 stack frames]]>
    </failure>
  </testcase> <!-- login2 -->
  <testcase classname="com.ui.tests.Admin" name="addUser" time="39.744"/>
  <testcase classname="com.ui.tests.Admin" name="removeUser" time="15.122"/>
  <testcase classname="com.ui.basetest.BaseTest" name="@BeforeSuite setUpReport" time="0.0">
    <ignored/>
  </testcase> <!-- @BeforeSuite setUpReport -->
  <testcase classname="com.ui.basetest.BaseTest" name="@AfterSuite closeReport" time="0.0">
    <ignored/>
  </testcase> <!-- @AfterSuite closeReport -->
</testsuite> <!-- Test -->
