<?xml version="1.0" encoding="UTF-8"?>
<testng-results ignored="2" total="6" passed="3" failed="1" skipped="0">
  <reporter-output>
  </reporter-output>
  <suite started-at="2024-09-19T21:39:04 IST" name="Suite" finished-at="2024-09-19T21:40:05 IST" duration-ms="60864">
    <groups>
    </groups>
    <test started-at="2024-09-19T21:39:04 IST" name="OraneHRM" finished-at="2024-09-19T21:40:05 IST" duration-ms="60864">
      <class name="com.ui.tests.Admin">
        <test-method is-config="true" signature="setUpClass(org.testng.ITestContext)[pri:0, instance:com.ui.tests.Admin@4cc451f2]" started-at="2024-09-19T21:39:05 IST" name="setUpClass" finished-at="2024-09-19T21:39:05 IST" duration-ms="224" status="PASS">
          <params>
            <param index="0">
              <value>
                <![CDATA[org.testng.TestRunner@12359a82]]>
              </value>
            </param>
          </params>
          <reporter-output>
          </reporter-output>
        </test-method> <!-- setUpClass -->
        <test-method is-config="true" signature="setUp(java.lang.reflect.Method)[pri:0, instance:com.ui.tests.Admin@4cc451f2]" started-at="2024-09-19T21:39:05 IST" name="setUp" finished-at="2024-09-19T21:39:06 IST" duration-ms="1597" status="PASS">
          <params>
            <param index="0">
              <value>
                <![CDATA[public void com.ui.tests.Admin.addUser()]]>
              </value>
            </param>
          </params>
          <reporter-output>
          </reporter-output>
        </test-method> <!-- setUp -->
        <test-method signature="addUser()[pri:0, instance:com.ui.tests.Admin@4cc451f2]" started-at="2024-09-19T21:39:06 IST" name="addUser" finished-at="2024-09-19T21:39:39 IST" duration-ms="32849" status="PASS">
          <reporter-output>
          </reporter-output>
        </test-method> <!-- addUser -->
        <test-method is-config="true" signature="tearDown(org.testng.ITestResult)[pri:0, instance:com.ui.tests.Admin@4cc451f2]" started-at="2024-09-19T21:39:39 IST" name="tearDown" finished-at="2024-09-19T21:39:40 IST" duration-ms="318" status="PASS">
          <params>
            <param index="0">
              <value>
                <![CDATA[[TestResult name=addUser status=SUCCESS method=Admin.addUser()[pri:0, instance:com.ui.tests.Admin@4cc451f2] output={null}]]]>
              </value>
            </param>
          </params>
          <reporter-output>
          </reporter-output>
        </test-method> <!-- tearDown -->
        <test-method is-config="true" signature="setUp(java.lang.reflect.Method)[pri:0, instance:com.ui.tests.Admin@4cc451f2]" started-at="2024-09-19T21:39:40 IST" name="setUp" finished-at="2024-09-19T21:39:41 IST" duration-ms="1115" status="PASS">
          <params>
            <param index="0">
              <value>
                <![CDATA[public void com.ui.tests.Admin.removeUser()]]>
              </value>
            </param>
          </params>
          <reporter-output>
          </reporter-output>
        </test-method> <!-- setUp -->
        <test-method signature="removeUser()[pri:0, instance:com.ui.tests.Admin@4cc451f2]" started-at="2024-09-19T21:39:41 IST" name="removeUser" finished-at="2024-09-19T21:40:04 IST" duration-ms="23726" status="PASS">
          <reporter-output>
          </reporter-output>
        </test-method> <!-- removeUser -->
        <test-method is-config="true" signature="tearDown(org.testng.ITestResult)[pri:0, instance:com.ui.tests.Admin@4cc451f2]" started-at="2024-09-19T21:40:04 IST" name="tearDown" finished-at="2024-09-19T21:40:05 IST" duration-ms="1007" status="PASS">
          <params>
            <param index="0">
              <value>
                <![CDATA[[TestResult name=removeUser status=SUCCESS method=Admin.removeUser()[pri:0, instance:com.ui.tests.Admin@4cc451f2] output={null}]]]>
              </value>
            </param>
          </params>
          <reporter-output>
          </reporter-output>
        </test-method> <!-- tearDown -->
      </class> <!-- com.ui.tests.Admin -->
      <class name="com.ui.tests.Login">
        <test-method is-config="true" signature="setUpReport()[pri:0, instance:com.ui.tests.Login@4466af20]" started-at="2024-09-19T21:39:04 IST" name="setUpReport" finished-at="2024-09-19T21:39:04 IST" duration-ms="8" status="PASS">
          <reporter-output>
          </reporter-output>
        </test-method> <!-- setUpReport -->
        <test-method is-config="true" signature="setUpClass(org.testng.ITestContext)[pri:0, instance:com.ui.tests.Login@4466af20]" started-at="2024-09-19T21:39:05 IST" name="setUpClass" finished-at="2024-09-19T21:39:05 IST" duration-ms="224" status="PASS">
          <params>
            <param index="0">
              <value>
                <![CDATA[org.testng.TestRunner@12359a82]]>
              </value>
            </param>
          </params>
          <reporter-output>
          </reporter-output>
        </test-method> <!-- setUpClass -->
        <test-method is-config="true" signature="setUp(java.lang.reflect.Method)[pri:0, instance:com.ui.tests.Login@4466af20]" started-at="2024-09-19T21:39:05 IST" name="setUp" finished-at="2024-09-19T21:39:08 IST" duration-ms="3016" status="PASS">
          <params>
            <param index="0">
              <value>
                <![CDATA[public void com.ui.tests.Login.login()]]>
              </value>
            </param>
          </params>
          <reporter-output>
          </reporter-output>
        </test-method> <!-- setUp -->
        <test-method signature="login()[pri:0, instance:com.ui.tests.Login@4466af20]" started-at="2024-09-19T21:39:08 IST" name="login" finished-at="2024-09-19T21:39:33 IST" duration-ms="24777" status="PASS">
          <reporter-output>
          </reporter-output>
        </test-method> <!-- login -->
        <test-method is-config="true" signature="tearDown(org.testng.ITestResult)[pri:0, instance:com.ui.tests.Login@4466af20]" started-at="2024-09-19T21:39:33 IST" name="tearDown" finished-at="2024-09-19T21:39:33 IST" duration-ms="541" status="PASS">
          <params>
            <param index="0">
              <value>
                <![CDATA[[TestResult name=login status=SUCCESS method=Login.login()[pri:0, instance:com.ui.tests.Login@4466af20] output={null}]]]>
              </value>
            </param>
          </params>
          <reporter-output>
          </reporter-output>
        </test-method> <!-- tearDown -->
        <test-method is-config="true" signature="setUp(java.lang.reflect.Method)[pri:0, instance:com.ui.tests.Login@4466af20]" started-at="2024-09-19T21:39:33 IST" name="setUp" finished-at="2024-09-19T21:39:34 IST" duration-ms="1048" status="PASS">
          <params>
            <param index="0">
              <value>
                <![CDATA[public void com.ui.tests.Login.login2()]]>
              </value>
            </param>
          </params>
          <reporter-output>
          </reporter-output>
        </test-method> <!-- setUp -->
        <test-method signature="login2()[pri:0, instance:com.ui.tests.Login@4466af20]" started-at="2024-09-19T21:39:34 IST" name="login2" finished-at="2024-09-19T21:39:55 IST" duration-ms="20694" status="FAIL">
          <exception class="java.lang.AssertionError">
            <message>
              <![CDATA[expected [true] but found [false]]]>
            </message>
            <full-stacktrace>
              <![CDATA[java.lang.AssertionError: expected [true] but found [false]
at org.testng.Assert.fail(Assert.java:99)
at org.testng.Assert.failNotEquals(Assert.java:1037)
at org.testng.Assert.assertTrue(Assert.java:45)
at org.testng.Assert.assertTrue(Assert.java:55)
at com.ui.tests.Login.login2(Login.java:46)
at java.base/jdk.internal.reflect.DirectMethodHandleAccessor.invoke(DirectMethodHandleAccessor.java:103)
at java.base/java.lang.reflect.Method.invoke(Method.java:580)
at org.testng.internal.MethodInvocationHelper.invokeMethod(MethodInvocationHelper.java:133)
at org.testng.internal.TestInvoker.invokeMethod(TestInvoker.java:598)
at org.testng.internal.TestInvoker.invokeTestMethod(TestInvoker.java:173)
at org.testng.internal.MethodRunner.runInSequence(MethodRunner.java:46)
at org.testng.internal.TestInvoker$MethodInvocationAgent.invoke(TestInvoker.java:824)
at org.testng.internal.TestInvoker.invokeTestMethods(TestInvoker.java:146)
at org.testng.internal.TestMethodWorker.invokeTestMethods(TestMethodWorker.java:146)
at org.testng.internal.TestMethodWorker.run(TestMethodWorker.java:128)
at java.base/java.util.concurrent.ThreadPoolExecutor.runWorker(ThreadPoolExecutor.java:1144)
at java.base/java.util.concurrent.ThreadPoolExecutor$Worker.run(ThreadPoolExecutor.java:642)
at java.base/java.lang.Thread.run(Thread.java:1583)
]]>
            </full-stacktrace>
          </exception> <!-- java.lang.AssertionError -->
          <reporter-output>
          </reporter-output>
        </test-method> <!-- login2 -->
        <test-method is-config="true" signature="tearDown(org.testng.ITestResult)[pri:0, instance:com.ui.tests.Login@4466af20]" started-at="2024-09-19T21:39:55 IST" name="tearDown" finished-at="2024-09-19T21:39:55 IST" duration-ms="503" status="PASS">
          <params>
            <param index="0">
              <value>
                <![CDATA[[TestResult name=login2 status=FAILURE method=Login.login2()[pri:0, instance:com.ui.tests.Login@4466af20] output={null}]]]>
              </value>
            </param>
          </params>
          <reporter-output>
          </reporter-output>
        </test-method> <!-- tearDown -->
        <test-method is-config="true" signature="closeReport()[pri:0, instance:com.ui.tests.Login@4466af20]" started-at="2024-09-19T21:40:05 IST" name="closeReport" finished-at="2024-09-19T21:40:06 IST" duration-ms="245" status="PASS">
          <reporter-output>
          </reporter-output>
        </test-method> <!-- closeReport -->
      </class> <!-- com.ui.tests.Login -->
    </test> <!-- OraneHRM -->
  </suite> <!-- Suite -->
</testng-results>
